[debug] [2024-03-18T14:51:28.128Z] ----------------------------------------------------------------------
[debug] [2024-03-18T14:51:28.129Z] Command:       /usr/local/bin/node /Users/Ganaya/.npm-global/bin/firebase init
[debug] [2024-03-18T14:51:28.129Z] CLI Version:   13.5.1
[debug] [2024-03-18T14:51:28.129Z] Platform:      darwin
[debug] [2024-03-18T14:51:28.129Z] Node Version:  v18.12.0
[debug] [2024-03-18T14:51:28.131Z] Time:          Mon Mar 18 2024 19:51:28 GMT+0500 (Maldives Time)
[debug] [2024-03-18T14:51:28.131Z] ----------------------------------------------------------------------
[debug] 
[debug] [2024-03-18T14:51:28.134Z] > command requires scopes: ["email","openid","https://www.googleapis.com/auth/cloudplatformprojects.readonly","https://www.googleapis.com/auth/firebase","https://www.googleapis.com/auth/cloud-platform"]
[debug] [2024-03-18T14:51:28.134Z] > authorizing via signed-in user (ganaya2k17@gmail.com)
[info] 
     ######## #### ########  ######## ########     ###     ######  ########
     ##        ##  ##     ## ##       ##     ##  ##   ##  ##       ##
     ######    ##  ########  ######   ########  #########  ######  ######
     ##        ##  ##    ##  ##       ##     ## ##     ##       ## ##
     ##       #### ##     ## ######## ########  ##     ##  ######  ########

You're about to initialize a Firebase project in this directory:

  /Users/Ganaya/Documents/react/E-commerce/e-commerce

[info] 
=== Project Setup
[info] 
[info] First, let's associate this project directory with a Firebase project.
[info] You can create multiple project aliases by running firebase use --add, 
[info] but for now we'll just set up a default project.
[info] 
[debug] [2024-03-18T14:52:58.561Z] >>> [apiv2][query] GET https://firebase.googleapis.com/v1beta1/projects pageSize=100
[debug] [2024-03-18T14:52:59.357Z] <<< [apiv2][status] GET https://firebase.googleapis.com/v1beta1/projects 200
[debug] [2024-03-18T14:52:59.357Z] <<< [apiv2][body] GET https://firebase.googleapis.com/v1beta1/projects [omitted]
[info] i  Using project e-commerce-da7ea (e-commerce) 
[info] 
=== Hosting Setup
[debug] [2024-03-18T14:53:00.809Z] >>> [apiv2][query] GET https://firebase.googleapis.com/v1beta1/projects/e-commerce-da7ea [none]
[debug] [2024-03-18T14:53:01.309Z] <<< [apiv2][status] GET https://firebase.googleapis.com/v1beta1/projects/e-commerce-da7ea 200
[debug] [2024-03-18T14:53:01.309Z] <<< [apiv2][body] GET https://firebase.googleapis.com/v1beta1/projects/e-commerce-da7ea {"projectId":"e-commerce-da7ea","projectNumber":"672979094674","displayName":"e-commerce","name":"projects/e-commerce-da7ea","resources":{"hostingSite":"e-commerce-da7ea"},"state":"ACTIVE","etag":"1_7fd00bd9-b88c-4b35-8c14-6c0f32daddf1"}
[info] 
[info] Your public directory is the folder (relative to your project directory) that
[info] will contain Hosting assets to be uploaded with firebase deploy. If you
[info] have a build process for your assets, use your build's output directory.
[info] 
[debug] [2024-03-18T14:54:07.713Z] >>> [apiv2][query] GET https://www.gstatic.com/firebasejs/releases.json [none]
[debug] [2024-03-18T14:54:07.996Z] <<< [apiv2][status] GET https://www.gstatic.com/firebasejs/releases.json 200
[debug] [2024-03-18T14:54:07.996Z] <<< [apiv2][body] GET https://www.gstatic.com/firebasejs/releases.json {"current":{"version":"10.9.0","browserURL":"https://www.gstatic.com/firebasejs/10.9.0/firebase.js","packageURL":"https://www.gstatic.com/firebasejs/10.9.0/firebase.tgz"},"live":{"version":"10.9","browserURL":"https://www.gstatic.com/firebasejs/live/10.9/firebase.js","packageURL":"https://www.gstatic.com/firebasejs/live/10.9/firebase.tgz"},"components":{"analytics":"https://www.gstatic.com/firebasejs/10.9.0/firebase-analytics.js","app":"https://www.gstatic.com/firebasejs/10.9.0/firebase-app.js","app-check":"https://www.gstatic.com/firebasejs/10.9.0/firebase-app-check.js","auth":"https://www.gstatic.com/firebasejs/10.9.0/firebase-auth.js","auth/cordova":"https://www.gstatic.com/firebasejs/10.9.0/firebase-auth/cordova.js","auth/web-extension":"https://www.gstatic.com/firebasejs/10.9.0/firebase-auth/web-extension.js","functions":"https://www.gstatic.com/firebasejs/10.9.0/firebase-functions.js","firestore":"https://www.gstatic.com/firebasejs/10.9.0/firebase-firestore.js","firestore/lite":"https://www.gstatic.com/firebasejs/10.9.0/firebase-firestore/lite.js","installations":"https://www.gstatic.com/firebasejs/10.9.0/firebase-installations.js","storage":"https://www.gstatic.com/firebasejs/10.9.0/firebase-storage.js","performance":"https://www.gstatic.com/firebasejs/10.9.0/firebase-performance.js","remote-config":"https://www.gstatic.com/firebasejs/10.9.0/firebase-remote-config.js","messaging":"https://www.gstatic.com/firebasejs/10.9.0/firebase-messaging.js","messaging/sw":"https://www.gstatic.com/firebasejs/10.9.0/firebase-messaging/sw.js","database":"https://www.gstatic.com/firebasejs/10.9.0/firebase-database.js","firestore.memory":"https://www.gstatic.com/firebasejs/10.9.0/firebase-firestore.memory.js"}}
[info] ✔  Wrote build/index.html 
[info] 
[info] i  Detected a .git folder at /Users/Ganaya/Documents/react/E-commerce/e-commerce 
[info] i  Authorizing with GitHub to upload your service account to a GitHub repository's secrets store. 
[info] 
[info] Visit this URL on this device to log in:
[info] https://github.com/login/oauth/authorize?client_id=89cf50f02ac6aaed3484&state=292939871&redirect_uri=http%3A%2F%2Flocalhost%3A9005&scope=read%3Auser%20repo%20public_repo
[info] 
[info] Waiting for authentication...
[debug] [2024-03-18T14:54:35.857Z] >>> [apiv2][query] POST https://github.com/login/oauth/access_token [none]
[debug] [2024-03-18T14:54:35.858Z] >>> [apiv2][body] POST https://github.com/login/oauth/access_token [stream]
[debug] [2024-03-18T14:54:36.213Z] <<< [apiv2][status] POST https://github.com/login/oauth/access_token 200
[debug] [2024-03-18T14:54:36.213Z] <<< [apiv2][body] POST https://github.com/login/oauth/access_token {"access_token":"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","token_type":"bearer","scope":"read:user,repo"}
[debug] [2024-03-18T14:54:36.220Z] >>> [apiv2][query] GET https://api.github.com/user [none]
[debug] [2024-03-18T14:54:36.575Z] <<< [apiv2][status] GET https://api.github.com/user 200
[debug] [2024-03-18T14:54:36.576Z] <<< [apiv2][body] GET https://api.github.com/user {"login":"gananath-oss","id":56883476,"node_id":"MDQ6VXNlcjU2ODgzNDc2","avatar_url":"https://avatars.githubusercontent.com/u/56883476?v=4","gravatar_id":"","url":"https://api.github.com/users/gananath-oss","html_url":"https://github.com/gananath-oss","followers_url":"https://api.github.com/users/gananath-oss/followers","following_url":"https://api.github.com/users/gananath-oss/following{/other_user}","gists_url":"https://api.github.com/users/gananath-oss/gists{/gist_id}","starred_url":"https://api.github.com/users/gananath-oss/starred{/owner}{/repo}","subscriptions_url":"https://api.github.com/users/gananath-oss/subscriptions","organizations_url":"https://api.github.com/users/gananath-oss/orgs","repos_url":"https://api.github.com/users/gananath-oss/repos","events_url":"https://api.github.com/users/gananath-oss/events{/privacy}","received_events_url":"https://api.github.com/users/gananath-oss/received_events","type":"User","site_admin":false,"name":null,"company":null,"blog":"","location":null,"email":null,"hireable":null,"bio":null,"twitter_username":null,"public_repos":18,"public_gists":0,"followers":0,"following":1,"created_at":"2019-10-22T15:00:40Z","updated_at":"2024-03-14T05:22:32Z","private_gists":0,"total_private_repos":8,"owned_private_repos":8,"disk_usage":9183,"collaborators":1,"two_factor_authentication":false,"plan":{"name":"free","space":976562499,"collaborators":0,"private_repos":10000}}
[info] 
[info] ✔  Success! Logged into GitHub as gananath-oss 
[info] 
[debug] [2024-03-18T14:55:14.528Z] >>> [apiv2][query] GET https://api.github.com/repos/e-commerce/actions/secrets/public-key type=owner
[debug] [2024-03-18T14:55:14.926Z] <<< [apiv2][status] GET https://api.github.com/repos/e-commerce/actions/secrets/public-key 404
[debug] [2024-03-18T14:55:14.926Z] <<< [apiv2][body] GET https://api.github.com/repos/e-commerce/actions/secrets/public-key {"message":"Not Found","documentation_url":"https://docs.github.com/rest"}
[info] 
[info] 
[error] ⚠  The provided authorization cannot be used with this repository. If this repository is in an organization, did you remember to grant access? 
[info] 
[info] i  Action required: Visit this URL to ensure access has been granted to the appropriate organization(s) for the Firebase CLI GitHub OAuth App: 
[info] https://github.com/settings/connections/applications/89cf50f02ac6aaed3484
[info] 
[debug] [2024-03-18T14:55:20.266Z] >>> [apiv2][query] GET https://api.github.com/repos/e-commerce/actions/secrets/public-key type=owner
[debug] [2024-03-18T14:55:20.649Z] <<< [apiv2][status] GET https://api.github.com/repos/e-commerce/actions/secrets/public-key 404
[debug] [2024-03-18T14:55:20.649Z] <<< [apiv2][body] GET https://api.github.com/repos/e-commerce/actions/secrets/public-key {"message":"Not Found","documentation_url":"https://docs.github.com/rest"}
[info] 
[info] 
[error] ⚠  The provided authorization cannot be used with this repository. If this repository is in an organization, did you remember to grant access? 
[info] 
[info] i  Action required: Visit this URL to ensure access has been granted to the appropriate organization(s) for the Firebase CLI GitHub OAuth App: 
[info] https://github.com/settings/connections/applications/89cf50f02ac6aaed3484
[info] 
[debug] [2024-03-18T14:55:21.598Z] >>> [apiv2][query] GET https://api.github.com/repos/e-commerce/actions/secrets/public-key type=owner
[debug] [2024-03-18T14:55:21.988Z] <<< [apiv2][status] GET https://api.github.com/repos/e-commerce/actions/secrets/public-key 404
[debug] [2024-03-18T14:55:21.989Z] <<< [apiv2][body] GET https://api.github.com/repos/e-commerce/actions/secrets/public-key {"message":"Not Found","documentation_url":"https://docs.github.com/rest"}
[info] 
[info] 
[error] ⚠  The provided authorization cannot be used with this repository. If this repository is in an organization, did you remember to grant access? 
[info] 
[info] i  Action required: Visit this URL to ensure access has been granted to the appropriate organization(s) for the Firebase CLI GitHub OAuth App: 
[info] https://github.com/settings/connections/applications/89cf50f02ac6aaed3484
[info] 
[debug] [2024-03-18T14:55:23.490Z] >>> [apiv2][query] GET https://api.github.com/repos/e-commerce/actions/secrets/public-key type=owner
[debug] [2024-03-18T14:55:23.792Z] <<< [apiv2][status] GET https://api.github.com/repos/e-commerce/actions/secrets/public-key 404
[debug] [2024-03-18T14:55:23.792Z] <<< [apiv2][body] GET https://api.github.com/repos/e-commerce/actions/secrets/public-key {"message":"Not Found","documentation_url":"https://docs.github.com/rest"}
[info] 
[info] 
[error] ⚠  The provided authorization cannot be used with this repository. If this repository is in an organization, did you remember to grant access? 
[info] 
[info] i  Action required: Visit this URL to ensure access has been granted to the appropriate organization(s) for the Firebase CLI GitHub OAuth App: 
[info] https://github.com/settings/connections/applications/89cf50f02ac6aaed3484
[info] 
[debug] [2024-03-18T14:56:05.862Z] >>> [apiv2][query] GET https://api.github.com/repos/e-commerce'/actions/secrets/public-key type=owner
[debug] [2024-03-18T14:56:06.240Z] <<< [apiv2][status] GET https://api.github.com/repos/e-commerce'/actions/secrets/public-key 404
[debug] [2024-03-18T14:56:06.240Z] <<< [apiv2][body] GET https://api.github.com/repos/e-commerce'/actions/secrets/public-key {"message":"Not Found","documentation_url":"https://docs.github.com/rest"}
[info] 
[info] 
[error] ⚠  The provided authorization cannot be used with this repository. If this repository is in an organization, did you remember to grant access? 
[info] 
[info] i  Action required: Visit this URL to ensure access has been granted to the appropriate organization(s) for the Firebase CLI GitHub OAuth App: 
[info] https://github.com/settings/connections/applications/89cf50f02ac6aaed3484
[info] 
